TOOL:	xrun(64)	22.03-s003: Started on May 30, 2023 at 22:05:25 CST
xrun(64): 22.03-s003: (c) Copyright 1995-2022 Cadence Design Systems, Inc.
Recompiling... reason: file './bdw_work/modules/SobelFilter/FLAT_UNROLL_ALL_FAST/SobelFilter_rtl.v' is newer than expected.
	expected: Tue May 30 21:55:10 2023
	actual:   Tue May 30 22:05:14 2023
file: bdw_work/sims/top_V_FLAT_UNROLL_ALL_FAST.v
			$value$plusargs("BDW_VLOG_DUMPFILE+%s",dump_file);
			              |
xmvlog: *W,NOSYST (bdw_work/sims/top_V_FLAT_UNROLL_ALL_FAST.v,41|17): System function '$value$plusargs' invoked as a task. Return value will be ignored.
file: bdw_work/modules/SobelFilter/FLAT_UNROLL_ALL_FAST/SobelFilter_rtl.v
xmvlog: *W,SPDUSD: Include directory bdw_work/wrappers given but not used.
	Total errors/warnings found outside modules and primitives:
		errors: 0, warnings: 1
*** Registering Hub PLI1.0 Interface***
		Caching library 'worklib' ....... Done
	Elaborating the design hierarchy:
	Top level design units:
		top
	Building instance overlay tables: .................... Done
	Building instance specific data structures.
	Loading native compiled code:     .................... Done
	Design hierarchy summary:
		                 Instances  Unique
		Modules:                 3       3
		Registers:             187     187
		Scalar wires:           13       -
		Vectored wires:         28       -
		Always blocks:          71      71
		Initial blocks:          7       7
		Cont. assignments:      31      35
		Pseudo assignments:      5       5
		Simulation timescale:  1ps
	Writing initial simulation snapshot: worklib.top:v
Loading snapshot worklib.top:v .................... Done
*** Registering Hub PLI1.0 Interface***
xcelium> source /usr/cadtool/cadence/XCELIUM/XCELIUM_22.03.003/tools/xcelium/files/xmsimrc
xcelium> 
xcelium> run

        SystemC 2.3.3-Accellera --- Jun 11 2021 12:51:14
        Copyright (c) 1996-2018 by all Contributors,
        ALL RIGHTS RESERVED
1






NOTE: Cadence Design Systems Hub Simulation Platform : version 21.20-p100
Testbench sink thread read 65536 values. Average latency 4.

Info: /OSCI/SystemC: Simulation stopped by user.
Simulation stopped via $stop(1) at time 240065100 PS + 0
./bdw_work/sims/top_V_FLAT_UNROLL_ALL_FAST.v:67 		#100 $stop;
xcelium> quit
open txt











n\n

n

\nTotal run time = 240 us
Throught = 0.333333 outputs/clock
Average latency = 8003 clocks/output
TOOL:	xrun(64)	22.03-s003: Exiting on May 30, 2023 at 22:05:27 CST  (total: 00:00:02)
