make[3]: Nothing to be done for `bdw_work/wrappers/SobelFilter_wrap.h'.
/usr/cadtool/cadence/STRATUS/STRATUS_21.10.100/bin/bdw_shell /usr/cadtool/cadence/STRATUS/STRATUS_21.10.100/share/stratus/tcl/bdw_siminfo.tcl project.tcl B
make[4]: Nothing to be done for `bdw_work/wrappers/SobelFilter_wrap.h'.
make --no-print-directory -f Makefile scsim_B
Executing simulation: bdw_work/sims/B/sim_B  ../data.txt OUT.txt


        SystemC 2.3.3-Accellera --- Jun 11 2021 12:51:14
        Copyright (c) 1996-2018 by all Contributors,
        ALL RIGHTS RESERVED
NOTE: Cadence Design Systems Hub Simulation Platform : version 21.20-p100
1






Testbench sink thread read 65536 values. Average latency 32.

Info: /OSCI/SystemC: Simulation stopped by user.
open txt











n\n

n

\nTotal run time = 2479990 ns
Throught = 0.0322582 outputs/clock
Average latency = 8031 clocks/output
Simulated time == 2480050 ns
BDW_SIM_CONFIG_DIR=bdw_work/sims/B make saySimPassed 2>&1 | tee -a bdw_work/sims/B/bdw_sim.log
